Arguments: 
  C:\Program Files\nodejs\node.exe C:\Users\rberry212\AppData\Roaming\npm\node_modules\yarn\bin\yarn.js

PATH: 
  C:\Program Files (x86)\Common Files\Oracle\Java\javapath;C:\Program Files (x86)\AMD APP\bin\x86_64;C:\Program Files (x86)\AMD APP\bin\x86;C:\windows\system32;C:\windows;C:\windows\System32\Wbem;C:\windows\System32\WindowsPowerShell\v1.0\;C:\Program Files (x86)\ATI Technologies\ATI.ACE\Core-Static;C:\Program Files\nodejs\;C:\Ruby27-x64\bin;C:\Users\rberry212\AppData\Roaming\npm

Yarn version: 
  1.22.4

Node version: 
  13.11.0

Platform: 
  win32 x64

Trace: 
  Error: https://registry.yarnpkg.com/rxjs/-/rxjs-6.5.4.tgz: ESOCKETTIMEDOUT
      at ClientRequest.<anonymous> (C:\Users\rberry212\AppData\Roaming\npm\node_modules\yarn\lib\cli.js:141375:19)
      at Object.onceWrapper (events.js:421:28)
      at ClientRequest.emit (events.js:315:20)
      at TLSSocket.emitRequestTimeout (_http_client.js:721:9)
      at Object.onceWrapper (events.js:421:28)
      at TLSSocket.emit (events.js:327:22)
      at TLSSocket.Socket._onTimeout (net.js:481:8)
      at listOnTimeout (internal/timers.js:549:17)
      at processTimers (internal/timers.js:492:7)

npm manifest: 
  {
    "name": "jhon-react",
    "version": "0.1.0",
    "private": true,
    "dependencies": {
      "animejs": "^3.1.0",
      "bootstrap": "^4.3.1",
      "google-maps-react": "^2.0.2",
      "imagesloaded": "^4.1.4",
      "isotope-layout": "^3.0.6",
      "popper.js": "^1.16.0",
      "react": "^16.9.0",
      "react-countup": "^4.2.2",
      "react-dom": "^16.9.0",
      "react-magnific-popup": "^1.0.1",
      "react-parallax": "^2.2.0",
      "react-particles-js": "^2.7.0",
      "react-reveal": "^1.2.2",
      "react-router-dom": "^5.0.1",
      "react-scripts": "^3.2.0",
      "react-scroll": "^1.7.14",
      "react-slick": "^0.25.2",
      "react-stickynode": "^2.1.1",
      "react-typewriter-hook": "^1.0.1",
      "react-water-wave": "^1.0.5",
      "slick-carousel": "^1.8.1"
    },
    "scripts": {
      "start": "react-scripts start",
      "build": "react-scripts build",
      "test": "react-scripts test",
      "eject": "react-scripts eject"
    },
    "eslintConfig": {
      "extends": "react-app"
    },
    "browserslist": {
      "production": [
        ">0.2%",
        "not dead",
        "not op_mini all"
      ],
      "development": [
        "last 1 chrome version",
        "last 1 firefox version",
        "last 1 safari version"
      ]
    }
  }

yarn manifest: 
  No manifest

Lockfile: 
  No lockfile
